[13:49:38 INF] Now listening on: http://localhost:5232 (Application Running) 
[13:49:38 INF] Application started. Press Ctrl+C to shut down. (Application Running) 
[13:49:38 INF] Hosting environment: DEV (Application Running) 
[13:49:38 INF] Content root path: C:\certificacion\practice3\PracticeThree\ (Application Running) 
[13:49:39 INF] Request starting HTTP/1.1 GET http://localhost:5232/swagger/index.html - - (Application Running) 
[13:49:39 INF] Request finished HTTP/1.1 GET http://localhost:5232/swagger/index.html - - - 200 - text/html;charset=utf-8 112.3505ms (Application Running) 
[13:49:39 INF] Request starting HTTP/1.1 GET http://localhost:5232/swagger/v1/swagger.json - - (Application Running) 
[13:49:39 INF] Request finished HTTP/1.1 GET http://localhost:5232/swagger/v1/swagger.json - - - 200 - application/json;charset=utf-8 142.4896ms (Application Running) 
[13:49:54 INF] Application is shutting down... (Application Running) 
[13:53:57 INF] Now listening on: http://localhost:5232 (Application Running) 
[13:53:57 INF] Application started. Press Ctrl+C to shut down. (Application Running) 
[13:53:57 INF] Hosting environment: DEV (Application Running) 
[13:53:57 INF] Content root path: C:\certificacion\practice3\PracticeThree\ (Application Running) 
[13:53:59 INF] Request starting HTTP/1.1 GET http://localhost:5232/swagger/index.html - - (Application Running) 
[13:53:59 INF] Request finished HTTP/1.1 GET http://localhost:5232/swagger/index.html - - - 200 - text/html;charset=utf-8 88.5757ms (Application Running) 
[13:53:59 INF] Request starting HTTP/1.1 GET http://localhost:5232/swagger/v1/swagger.json - - (Application Running) 
[13:54:00 INF] Request finished HTTP/1.1 GET http://localhost:5232/swagger/v1/swagger.json - - - 200 - application/json;charset=utf-8 137.6209ms (Application Running) 
[13:54:03 INF] Request starting HTTP/1.1 GET http://localhost:5232/patient - - (Application Running) 
[13:54:03 INF] Executing endpoint 'UPB.PracticeThree.Controllers.PatientController.Get (PracticeThree)' (Application Running) 
[13:54:03 INF] Route matched with {action = "Get", controller = "Patient"}. Executing controller action with signature System.Collections.Generic.List`1[UPB.CoreLogic.Models.Patient] Get() on controller UPB.PracticeThree.Controllers.PatientController (PracticeThree). (Application Running) 
[13:54:03 INF] Executing ObjectResult, writing value of type 'System.Collections.Generic.List`1[[UPB.CoreLogic.Models.Patient, CoreLogic, Version=1.0.0.0, Culture=neutral, PublicKeyToken=null]]'. (Application Running) 
[13:54:03 INF] Executed action UPB.PracticeThree.Controllers.PatientController.Get (PracticeThree) in 15.5377ms (Application Running) 
[13:54:03 INF] Executed endpoint 'UPB.PracticeThree.Controllers.PatientController.Get (PracticeThree)' (Application Running) 
[13:54:03 INF] Request finished HTTP/1.1 GET http://localhost:5232/patient - - - 200 - application/json;+charset=utf-8 49.5588ms (Application Running) 
